<?xml version="1.0" encoding="UTF-8" ?>
<testsuite failures="1" time="0.465" errors="0" skipped="0" tests="1" name="com.corkstreet.repository.CustomerRepositoryTest">
  <properties>
[...]
</properties>
  <testcase time="0.464" classname="com.corkstreet.repository.CustomerRepositoryTest" name="testReadCustomer">
    <failure message="Read customer error expected:&lt;[com.corkstreet.model.Customer@3d78cd7b, com.corkstreet.model.Customer@45fa65c4, com.corkstreet.model.Customer@3a2f4ac0, com.corkstreet.model.Customer@76d4a117, com.corkstreet.model.Customer@19c29f4, com.corkstreet.model.Customer@338652ff, com.corkstreet.model.Customer@37b2fdc6, com.corkstreet.model.Customer@4832eebb, com.corkstreet.model.Customer@7d75c05, com.corkstreet.model.Customer@4bda5048, com.corkstreet.model.Customer@69cccddf]&gt; but was:&lt;[com.corkstreet.model.Customer@4e021bd, com.corkstreet.model.Customer@16c701cb, com.corkstreet.model.Customer@6346c21b, com.corkstreet.model.Customer@3a71ad88, com.corkstreet.model.Customer@7d37d9b1, com.corkstreet.model.Customer@5db533b0, com.corkstreet.model.Customer@235497e0, com.corkstreet.model.Customer@6bf053f, com.corkstreet.model.Customer@66f16e8e, com.corkstreet.model.Customer@7491616e, com.corkstreet.model.Customer@7493b88b]&gt;" type="java.lang.AssertionError">java.lang.AssertionError: Read customer error expected:&lt;[com.corkstreet.model.Customer@3d78cd7b, com.corkstreet.model.Customer@45fa65c4, com.corkstreet.model.Customer@3a2f4ac0, com.corkstreet.model.Customer@76d4a117, com.corkstreet.model.Customer@19c29f4, com.corkstreet.model.Customer@338652ff, com.corkstreet.model.Customer@37b2fdc6, com.corkstreet.model.Customer@4832eebb, com.corkstreet.model.Customer@7d75c05, com.corkstreet.model.Customer@4bda5048, com.corkstreet.model.Customer@69cccddf]&gt; but was:&lt;[com.corkstreet.model.Customer@4e021bd, com.corkstreet.model.Customer@16c701cb, com.corkstreet.model.Customer@6346c21b, com.corkstreet.model.Customer@3a71ad88, com.corkstreet.model.Customer@7d37d9b1, com.corkstreet.model.Customer@5db533b0, com.corkstreet.model.Customer@235497e0, com.corkstreet.model.Customer@6bf053f, com.corkstreet.model.Customer@66f16e8e, com.corkstreet.model.Customer@7491616e, com.corkstreet.model.Customer@7493b88b]&gt;
	at org.junit.Assert.fail(Assert.java:88)
	at org.junit.Assert.failNotEquals(Assert.java:743)
	at org.junit.Assert.assertEquals(Assert.java:118)
	at com.corkstreet.repository.CustomerRepositoryTest.testReadCustomer(CustomerRepositoryTest.java:17)
	at sun.reflect.NativeMethodAccessorImpl.invoke0(Native Method)
	at sun.reflect.NativeMethodAccessorImpl.invoke(NativeMethodAccessorImpl.java:57)
	at sun.reflect.DelegatingMethodAccessorImpl.invoke(DelegatingMethodAccessorImpl.java:43)
	at java.lang.reflect.Method.invoke(Method.java:606)
	at org.junit.runners.model.FrameworkMethod$1.runReflectiveCall(FrameworkMethod.java:47)
	at org.junit.internal.runners.model.ReflectiveCallable.run(ReflectiveCallable.java:12)
	at org.junit.runners.model.FrameworkMethod.invokeExplosively(FrameworkMethod.java:44)
	at org.junit.internal.runners.statements.InvokeMethod.evaluate(InvokeMethod.java:17)
	at org.junit.runners.ParentRunner.runLeaf(ParentRunner.java:271)
	at org.junit.runners.BlockJUnit4ClassRunner.runChild(BlockJUnit4ClassRunner.java:70)
	at org.junit.runners.BlockJUnit4ClassRunner.runChild(BlockJUnit4ClassRunner.java:50)
	at org.junit.runners.ParentRunner$3.run(ParentRunner.java:238)
	at org.junit.runners.ParentRunner$1.schedule(ParentRunner.java:63)
	at org.junit.runners.ParentRunner.runChildren(ParentRunner.java:236)
	at org.junit.runners.ParentRunner.access$000(ParentRunner.java:53)
	at org.junit.runners.ParentRunner$2.evaluate(ParentRunner.java:229)
	at org.junit.runners.ParentRunner.run(ParentRunner.java:309)
	at org.apache.maven.surefire.junit4.JUnit4TestSet.execute(JUnit4TestSet.java:53)
	at org.apache.maven.surefire.junit4.JUnit4Provider.executeTestSet(JUnit4Provider.java:123)
	at org.apache.maven.surefire.junit4.JUnit4Provider.invoke(JUnit4Provider.java:104)
	at sun.reflect.NativeMethodAccessorImpl.invoke0(Native Method)
	at sun.reflect.NativeMethodAccessorImpl.invoke(NativeMethodAccessorImpl.java:57)
	at sun.reflect.DelegatingMethodAccessorImpl.invoke(DelegatingMethodAccessorImpl.java:43)
	at java.lang.reflect.Method.invoke(Method.java:606)
	at org.apache.maven.surefire.util.ReflectionUtils.invokeMethodWithArray(ReflectionUtils.java:164)
	at org.apache.maven.surefire.booter.ProviderFactory$ProviderProxy.invoke(ProviderFactory.java:110)
	at org.apache.maven.surefire.booter.SurefireStarter.invokeProvider(SurefireStarter.java:175)
	at org.apache.maven.surefire.booter.SurefireStarter.runSuitesInProcessWhenForked(SurefireStarter.java:107)
	at org.apache.maven.surefire.booter.ForkedBooter.main(ForkedBooter.java:68)
</failure>
  </testcase>
</testsuite>